<?xml version="1.0" encoding="UTF-8"?>
<testsuite xmlns:xsi="http://www.w3.org/2001/XMLSchema-instance" xsi:noNamespaceSchemaLocation="https://maven.apache.org/surefire/maven-surefire-plugin/xsd/surefire-test-report.xsd" name="com.learn.letskodeit.cucumber.CukeTest" time="135.144" tests="24" errors="0" skipped="0" failures="0">
  <properties>
[...]
</properties>
  <testcase name="Given I am on letskodeit homepage" classname="Scenario: User should navigate to login page successfully" time="0.003"/>
  <testcase name="When I click on login link" classname="Scenario: User should navigate to login page successfully" time="0.001"/>
  <testcase name="Then I should navigate to login page successfully" classname="Scenario: User should navigate to login page successfully" time="0.001"/>
  <testcase name="Scenario: User should navigate to login page successfully" classname="Scenario: User should navigate to login page successfully" time="0.852"/>
  <testcase name="Given I am on letskodeit homepage" classname="Scenario: User should login successfully with valid credentials" time="0"/>
  <testcase name="When I click on login link" classname="Scenario: User should login successfully with valid credentials" time="0"/>
  <testcase name="And I enter email &quot;xyz123@gmail.com&quot;" classname="Scenario: User should login successfully with valid credentials" time="0"/>
  <testcase name="And I enter password &quot;Tiger0604&quot;" classname="Scenario: User should login successfully with valid credentials" time="0"/>
  <testcase name="And I click on login button" classname="Scenario: User should login successfully with valid credentials" time="0"/>
  <testcase name="Then I should login successfully" classname="Scenario: User should login successfully with valid credentials" time="0"/>
  <testcase name="Scenario: User should login successfully with valid credentials" classname="Scenario: User should login successfully with valid credentials" time="1.816"/>
  <testcase name="Given I am on letskodeit homepage" classname="Scenario: User should navigate to sign up page successfully" time="0"/>
  <testcase name="When I click on signup link" classname="Scenario: User should navigate to sign up page successfully" time="0"/>
  <testcase name="Then I should navigate to signup page successfully" classname="Scenario: User should navigate to sign up page successfully" time="0"/>
  <testcase name="Scenario: User should navigate to sign up page successfully" classname="Scenario: User should navigate to sign up page successfully" time="0.862"/>
  <testcase name="Given I am on letskodeit homepage" classname="Scenario: User should signup successfully with valid credentials" time="0.001"/>
  <testcase name="When I click on signup link" classname="Scenario: User should signup successfully with valid credentials" time="0"/>
  <testcase name="And I enter fullname &quot;Bhavesh Patel&quot;" classname="Scenario: User should signup successfully with valid credentials" time="0"/>
  <testcase name="And I enter email &quot;xyz123@gmail.com&quot;" classname="Scenario: User should signup successfully with valid credentials" time="0"/>
  <testcase name="And I enter password &quot;Tiger0604&quot;" classname="Scenario: User should signup successfully with valid credentials" time="0"/>
  <testcase name="And I enter conform password &quot;Tiger0604&quot;" classname="Scenario: User should signup successfully with valid credentials" time="0"/>
  <testcase name="And I click on Privacy policy button" classname="Scenario: User should signup successfully with valid credentials" time="0"/>
  <testcase name="And I click on signup button" classname="Scenario: User should signup successfully with valid credentials" time="0"/>
  <testcase name="Scenario: User should signup successfully with valid credentials" classname="Scenario: User should signup successfully with valid credentials" time="2.371"/>
</testsuite>